ERROR - 2026-06-19 16:06:24 --> Error connecting to the database: mysqli_sql_exception: No connection could be made because the target machine actively refused it in C:\xampp\htdocs\UAS WEB\backend-api\system\Database\MySQLi\Connection.php:201
Stack trace:
#0 C:\xampp\htdocs\UAS WEB\backend-api\system\Database\MySQLi\Connection.php(201): mysqli->real_connect('localhost', 'root', Object(SensitiveParameterValue), 'db_elibrary', 3306, '', 0)
#1 C:\xampp\htdocs\UAS WEB\backend-api\system\Database\BaseConnection.php(555): CodeIgniter\Database\MySQLi\Connection->connect(false)
#2 C:\xampp\htdocs\UAS WEB\backend-api\system\Database\BaseConnection.php(795): CodeIgniter\Database\BaseConnection->initialize()
#3 C:\xampp\htdocs\UAS WEB\backend-api\system\Database\BaseBuilder.php(1647): CodeIgniter\Database\BaseConnection->query('SELECT `buku`.*...', Array, false)
#4 C:\xampp\htdocs\UAS WEB\backend-api\system\Model.php(255): CodeIgniter\Database\BaseBuilder->get()
#5 C:\xampp\htdocs\UAS WEB\backend-api\system\BaseModel.php(676): CodeIgniter\Model->doFindAll(0, 0)
#6 C:\xampp\htdocs\UAS WEB\backend-api\app\Controllers\BukuController.php(22): CodeIgniter\BaseModel->findAll()
#7 C:\xampp\htdocs\UAS WEB\backend-api\system\CodeIgniter.php(974): App\Controllers\BukuController->index()
#8 C:\xampp\htdocs\UAS WEB\backend-api\system\CodeIgniter.php(520): CodeIgniter\CodeIgniter->runController(Object(App\Controllers\BukuController))
#9 C:\xampp\htdocs\UAS WEB\backend-api\system\CodeIgniter.php(363): CodeIgniter\CodeIgniter->handleRequest(NULL, Object(Config\Cache), false)
#10 C:\xampp\htdocs\UAS WEB\backend-api\system\Boot.php(417): CodeIgniter\CodeIgniter->run()
#11 C:\xampp\htdocs\UAS WEB\backend-api\system\Boot.php(68): CodeIgniter\Boot::runCodeIgniter(Object(CodeIgniter\CodeIgniter))
#12 C:\xampp\htdocs\UAS WEB\backend-api\public\index.php(71): CodeIgniter\Boot::bootWeb(Object(Config\Paths))
#13 C:\xampp\htdocs\UAS WEB\backend-api\system\rewrite.php(44): require_once('C:\\xampp\\htdocs...')
#14 {main}

Next CodeIgniter\Database\Exceptions\DatabaseException: No connection could be made because the target machine actively refused it in C:\xampp\htdocs\UAS WEB\backend-api\system\Database\MySQLi\Connection.php:231
Stack trace:
#0 C:\xampp\htdocs\UAS WEB\backend-api\system\Database\BaseConnection.php(555): CodeIgniter\Database\MySQLi\Connection->connect(false)
#1 C:\xampp\htdocs\UAS WEB\backend-api\system\Database\BaseConnection.php(795): CodeIgniter\Database\BaseConnection->initialize()
#2 C:\xampp\htdocs\UAS WEB\backend-api\system\Database\BaseBuilder.php(1647): CodeIgniter\Database\BaseConnection->query('SELECT `buku`.*...', Array, false)
#3 C:\xampp\htdocs\UAS WEB\backend-api\system\Model.php(255): CodeIgniter\Database\BaseBuilder->get()
#4 C:\xampp\htdocs\UAS WEB\backend-api\system\BaseModel.php(676): CodeIgniter\Model->doFindAll(0, 0)
#5 C:\xampp\htdocs\UAS WEB\backend-api\app\Controllers\BukuController.php(22): CodeIgniter\BaseModel->findAll()
#6 C:\xampp\htdocs\UAS WEB\backend-api\system\CodeIgniter.php(974): App\Controllers\BukuController->index()
#7 C:\xampp\htdocs\UAS WEB\backend-api\system\CodeIgniter.php(520): CodeIgniter\CodeIgniter->runController(Object(App\Controllers\BukuController))
#8 C:\xampp\htdocs\UAS WEB\backend-api\system\CodeIgniter.php(363): CodeIgniter\CodeIgniter->handleRequest(NULL, Object(Config\Cache), false)
#9 C:\xampp\htdocs\UAS WEB\backend-api\system\Boot.php(417): CodeIgniter\CodeIgniter->run()
#10 C:\xampp\htdocs\UAS WEB\backend-api\system\Boot.php(68): CodeIgniter\Boot::runCodeIgniter(Object(CodeIgniter\CodeIgniter))
#11 C:\xampp\htdocs\UAS WEB\backend-api\public\index.php(71): CodeIgniter\Boot::bootWeb(Object(Config\Paths))
#12 C:\xampp\htdocs\UAS WEB\backend-api\system\rewrite.php(44): require_once('C:\\xampp\\htdocs...')
#13 {main}
CRITICAL - 2026-06-19 16:06:24 --> CodeIgniter\Database\Exceptions\DatabaseException: Unable to connect to the database.
Main connection [MySQLi]: No connection could be made because the target machine actively refused it
[Method: GET, Route: api/buku]
in SYSTEMPATH\Database\BaseConnection.php on line 606.
 1 SYSTEMPATH\Database\BaseConnection.php(795): CodeIgniter\Database\BaseConnection->initialize()
 2 SYSTEMPATH\Database\BaseBuilder.php(1647): CodeIgniter\Database\BaseConnection->query('SELECT `buku`.*, `kategori`.`nama_kategori`
FROM `buku`
LEFT JOIN `kategori` ON `kategori`.`id` = `buku`.`kategori_id`', [], false)
 3 SYSTEMPATH\Model.php(255): CodeIgniter\Database\BaseBuilder->get()
 4 SYSTEMPATH\BaseModel.php(676): CodeIgniter\Model->doFindAll(0, 0)
 5 APPPATH\Controllers\BukuController.php(22): CodeIgniter\BaseModel->findAll()
 6 SYSTEMPATH\CodeIgniter.php(974): App\Controllers\BukuController->index()
 7 SYSTEMPATH\CodeIgniter.php(520): CodeIgniter\CodeIgniter->runController(Object(App\Controllers\BukuController))
 8 SYSTEMPATH\CodeIgniter.php(363): CodeIgniter\CodeIgniter->handleRequest(null, Object(Config\Cache), false)
 9 SYSTEMPATH\Boot.php(417): CodeIgniter\CodeIgniter->run()
10 SYSTEMPATH\Boot.php(68): CodeIgniter\Boot::runCodeIgniter(Object(CodeIgniter\CodeIgniter))
11 FCPATH\index.php(71): CodeIgniter\Boot::bootWeb(Object(Config\Paths))
12 SYSTEMPATH\rewrite.php(44): require_once('C:\\xampp\\htdocs\\UAS WEB\\backend-api\\public\\index.php')
ERROR - 2026-06-19 16:06:33 --> Error connecting to the database: mysqli_sql_exception: No connection could be made because the target machine actively refused it in C:\xampp\htdocs\UAS WEB\backend-api\system\Database\MySQLi\Connection.php:201
Stack trace:
#0 C:\xampp\htdocs\UAS WEB\backend-api\system\Database\MySQLi\Connection.php(201): mysqli->real_connect('localhost', 'root', Object(SensitiveParameterValue), 'db_elibrary', 3306, '', 0)
#1 C:\xampp\htdocs\UAS WEB\backend-api\system\Database\BaseConnection.php(555): CodeIgniter\Database\MySQLi\Connection->connect(false)
#2 C:\xampp\htdocs\UAS WEB\backend-api\system\Database\BaseConnection.php(795): CodeIgniter\Database\BaseConnection->initialize()
#3 C:\xampp\htdocs\UAS WEB\backend-api\system\Database\BaseBuilder.php(1647): CodeIgniter\Database\BaseConnection->query('SELECT `buku`.*...', Array, false)
#4 C:\xampp\htdocs\UAS WEB\backend-api\system\Model.php(255): CodeIgniter\Database\BaseBuilder->get()
#5 C:\xampp\htdocs\UAS WEB\backend-api\system\BaseModel.php(676): CodeIgniter\Model->doFindAll(0, 0)
#6 C:\xampp\htdocs\UAS WEB\backend-api\app\Controllers\BukuController.php(22): CodeIgniter\BaseModel->findAll()
#7 C:\xampp\htdocs\UAS WEB\backend-api\system\CodeIgniter.php(974): App\Controllers\BukuController->index()
#8 C:\xampp\htdocs\UAS WEB\backend-api\system\CodeIgniter.php(520): CodeIgniter\CodeIgniter->runController(Object(App\Controllers\BukuController))
#9 C:\xampp\htdocs\UAS WEB\backend-api\system\CodeIgniter.php(363): CodeIgniter\CodeIgniter->handleRequest(NULL, Object(Config\Cache), false)
#10 C:\xampp\htdocs\UAS WEB\backend-api\system\Boot.php(417): CodeIgniter\CodeIgniter->run()
#11 C:\xampp\htdocs\UAS WEB\backend-api\system\Boot.php(68): CodeIgniter\Boot::runCodeIgniter(Object(CodeIgniter\CodeIgniter))
#12 C:\xampp\htdocs\UAS WEB\backend-api\public\index.php(71): CodeIgniter\Boot::bootWeb(Object(Config\Paths))
#13 C:\xampp\htdocs\UAS WEB\backend-api\system\rewrite.php(44): require_once('C:\\xampp\\htdocs...')
#14 {main}

Next CodeIgniter\Database\Exceptions\DatabaseException: No connection could be made because the target machine actively refused it in C:\xampp\htdocs\UAS WEB\backend-api\system\Database\MySQLi\Connection.php:231
Stack trace:
#0 C:\xampp\htdocs\UAS WEB\backend-api\system\Database\BaseConnection.php(555): CodeIgniter\Database\MySQLi\Connection->connect(false)
#1 C:\xampp\htdocs\UAS WEB\backend-api\system\Database\BaseConnection.php(795): CodeIgniter\Database\BaseConnection->initialize()
#2 C:\xampp\htdocs\UAS WEB\backend-api\system\Database\BaseBuilder.php(1647): CodeIgniter\Database\BaseConnection->query('SELECT `buku`.*...', Array, false)
#3 C:\xampp\htdocs\UAS WEB\backend-api\system\Model.php(255): CodeIgniter\Database\BaseBuilder->get()
#4 C:\xampp\htdocs\UAS WEB\backend-api\system\BaseModel.php(676): CodeIgniter\Model->doFindAll(0, 0)
#5 C:\xampp\htdocs\UAS WEB\backend-api\app\Controllers\BukuController.php(22): CodeIgniter\BaseModel->findAll()
#6 C:\xampp\htdocs\UAS WEB\backend-api\system\CodeIgniter.php(974): App\Controllers\BukuController->index()
#7 C:\xampp\htdocs\UAS WEB\backend-api\system\CodeIgniter.php(520): CodeIgniter\CodeIgniter->runController(Object(App\Controllers\BukuController))
#8 C:\xampp\htdocs\UAS WEB\backend-api\system\CodeIgniter.php(363): CodeIgniter\CodeIgniter->handleRequest(NULL, Object(Config\Cache), false)
#9 C:\xampp\htdocs\UAS WEB\backend-api\system\Boot.php(417): CodeIgniter\CodeIgniter->run()
#10 C:\xampp\htdocs\UAS WEB\backend-api\system\Boot.php(68): CodeIgniter\Boot::runCodeIgniter(Object(CodeIgniter\CodeIgniter))
#11 C:\xampp\htdocs\UAS WEB\backend-api\public\index.php(71): CodeIgniter\Boot::bootWeb(Object(Config\Paths))
#12 C:\xampp\htdocs\UAS WEB\backend-api\system\rewrite.php(44): require_once('C:\\xampp\\htdocs...')
#13 {main}
CRITICAL - 2026-06-19 16:06:33 --> CodeIgniter\Database\Exceptions\DatabaseException: Unable to connect to the database.
Main connection [MySQLi]: No connection could be made because the target machine actively refused it
[Method: GET, Route: api/buku]
in SYSTEMPATH\Database\BaseConnection.php on line 606.
 1 SYSTEMPATH\Database\BaseConnection.php(795): CodeIgniter\Database\BaseConnection->initialize()
 2 SYSTEMPATH\Database\BaseBuilder.php(1647): CodeIgniter\Database\BaseConnection->query('SELECT `buku`.*, `kategori`.`nama_kategori`
FROM `buku`
LEFT JOIN `kategori` ON `kategori`.`id` = `buku`.`kategori_id`', [], false)
 3 SYSTEMPATH\Model.php(255): CodeIgniter\Database\BaseBuilder->get()
 4 SYSTEMPATH\BaseModel.php(676): CodeIgniter\Model->doFindAll(0, 0)
 5 APPPATH\Controllers\BukuController.php(22): CodeIgniter\BaseModel->findAll()
 6 SYSTEMPATH\CodeIgniter.php(974): App\Controllers\BukuController->index()
 7 SYSTEMPATH\CodeIgniter.php(520): CodeIgniter\CodeIgniter->runController(Object(App\Controllers\BukuController))
 8 SYSTEMPATH\CodeIgniter.php(363): CodeIgniter\CodeIgniter->handleRequest(null, Object(Config\Cache), false)
 9 SYSTEMPATH\Boot.php(417): CodeIgniter\CodeIgniter->run()
10 SYSTEMPATH\Boot.php(68): CodeIgniter\Boot::runCodeIgniter(Object(CodeIgniter\CodeIgniter))
11 FCPATH\index.php(71): CodeIgniter\Boot::bootWeb(Object(Config\Paths))
12 SYSTEMPATH\rewrite.php(44): require_once('C:\\xampp\\htdocs\\UAS WEB\\backend-api\\public\\index.php')
ERROR - 2026-06-19 16:06:37 --> Error connecting to the database: mysqli_sql_exception: No connection could be made because the target machine actively refused it in C:\xampp\htdocs\UAS WEB\backend-api\system\Database\MySQLi\Connection.php:201
Stack trace:
#0 C:\xampp\htdocs\UAS WEB\backend-api\system\Database\MySQLi\Connection.php(201): mysqli->real_connect('localhost', 'root', Object(SensitiveParameterValue), 'db_elibrary', 3306, '', 0)
#1 C:\xampp\htdocs\UAS WEB\backend-api\system\Database\BaseConnection.php(555): CodeIgniter\Database\MySQLi\Connection->connect(false)
#2 C:\xampp\htdocs\UAS WEB\backend-api\system\Database\BaseConnection.php(795): CodeIgniter\Database\BaseConnection->initialize()
#3 C:\xampp\htdocs\UAS WEB\backend-api\system\Database\BaseBuilder.php(1647): CodeIgniter\Database\BaseConnection->query('SELECT `peminja...', Array, false)
#4 C:\xampp\htdocs\UAS WEB\backend-api\app\Controllers\BukuController.php(136): CodeIgniter\Database\BaseBuilder->get()
#5 C:\xampp\htdocs\UAS WEB\backend-api\system\CodeIgniter.php(974): App\Controllers\BukuController->getPeminjaman()
#6 C:\xampp\htdocs\UAS WEB\backend-api\system\CodeIgniter.php(520): CodeIgniter\CodeIgniter->runController(Object(App\Controllers\BukuController))
#7 C:\xampp\htdocs\UAS WEB\backend-api\system\CodeIgniter.php(363): CodeIgniter\CodeIgniter->handleRequest(NULL, Object(Config\Cache), false)
#8 C:\xampp\htdocs\UAS WEB\backend-api\system\Boot.php(417): CodeIgniter\CodeIgniter->run()
#9 C:\xampp\htdocs\UAS WEB\backend-api\system\Boot.php(68): CodeIgniter\Boot::runCodeIgniter(Object(CodeIgniter\CodeIgniter))
#10 C:\xampp\htdocs\UAS WEB\backend-api\public\index.php(71): CodeIgniter\Boot::bootWeb(Object(Config\Paths))
#11 C:\xampp\htdocs\UAS WEB\backend-api\system\rewrite.php(44): require_once('C:\\xampp\\htdocs...')
#12 {main}

Next CodeIgniter\Database\Exceptions\DatabaseException: No connection could be made because the target machine actively refused it in C:\xampp\htdocs\UAS WEB\backend-api\system\Database\MySQLi\Connection.php:231
Stack trace:
#0 C:\xampp\htdocs\UAS WEB\backend-api\system\Database\BaseConnection.php(555): CodeIgniter\Database\MySQLi\Connection->connect(false)
#1 C:\xampp\htdocs\UAS WEB\backend-api\system\Database\BaseConnection.php(795): CodeIgniter\Database\BaseConnection->initialize()
#2 C:\xampp\htdocs\UAS WEB\backend-api\system\Database\BaseBuilder.php(1647): CodeIgniter\Database\BaseConnection->query('SELECT `peminja...', Array, false)
#3 C:\xampp\htdocs\UAS WEB\backend-api\app\Controllers\BukuController.php(136): CodeIgniter\Database\BaseBuilder->get()
#4 C:\xampp\htdocs\UAS WEB\backend-api\system\CodeIgniter.php(974): App\Controllers\BukuController->getPeminjaman()
#5 C:\xampp\htdocs\UAS WEB\backend-api\system\CodeIgniter.php(520): CodeIgniter\CodeIgniter->runController(Object(App\Controllers\BukuController))
#6 C:\xampp\htdocs\UAS WEB\backend-api\system\CodeIgniter.php(363): CodeIgniter\CodeIgniter->handleRequest(NULL, Object(Config\Cache), false)
#7 C:\xampp\htdocs\UAS WEB\backend-api\system\Boot.php(417): CodeIgniter\CodeIgniter->run()
#8 C:\xampp\htdocs\UAS WEB\backend-api\system\Boot.php(68): CodeIgniter\Boot::runCodeIgniter(Object(CodeIgniter\CodeIgniter))
#9 C:\xampp\htdocs\UAS WEB\backend-api\public\index.php(71): CodeIgniter\Boot::bootWeb(Object(Config\Paths))
#10 C:\xampp\htdocs\UAS WEB\backend-api\system\rewrite.php(44): require_once('C:\\xampp\\htdocs...')
#11 {main}
CRITICAL - 2026-06-19 16:06:37 --> CodeIgniter\Database\Exceptions\DatabaseException: Unable to connect to the database.
Main connection [MySQLi]: No connection could be made because the target machine actively refused it
[Method: GET, Route: api/peminjaman]
in SYSTEMPATH\Database\BaseConnection.php on line 606.
 1 SYSTEMPATH\Database\BaseConnection.php(795): CodeIgniter\Database\BaseConnection->initialize()
 2 SYSTEMPATH\Database\BaseBuilder.php(1647): CodeIgniter\Database\BaseConnection->query('SELECT `peminjaman`.*, `buku`.`judul`
FROM `peminjaman`
LEFT JOIN `buku` ON `buku`.`id` = `peminjaman`.`buku_id`
ORDER BY `tanggal_pinjam` DESC', [], false)
 3 APPPATH\Controllers\BukuController.php(136): CodeIgniter\Database\BaseBuilder->get()
 4 SYSTEMPATH\CodeIgniter.php(974): App\Controllers\BukuController->getPeminjaman()
 5 SYSTEMPATH\CodeIgniter.php(520): CodeIgniter\CodeIgniter->runController(Object(App\Controllers\BukuController))
 6 SYSTEMPATH\CodeIgniter.php(363): CodeIgniter\CodeIgniter->handleRequest(null, Object(Config\Cache), false)
 7 SYSTEMPATH\Boot.php(417): CodeIgniter\CodeIgniter->run()
 8 SYSTEMPATH\Boot.php(68): CodeIgniter\Boot::runCodeIgniter(Object(CodeIgniter\CodeIgniter))
 9 FCPATH\index.php(71): CodeIgniter\Boot::bootWeb(Object(Config\Paths))
10 SYSTEMPATH\rewrite.php(44): require_once('C:\\xampp\\htdocs\\UAS WEB\\backend-api\\public\\index.php')
ERROR - 2026-06-19 16:06:42 --> Error connecting to the database: mysqli_sql_exception: No connection could be made because the target machine actively refused it in C:\xampp\htdocs\UAS WEB\backend-api\system\Database\MySQLi\Connection.php:201
Stack trace:
#0 C:\xampp\htdocs\UAS WEB\backend-api\system\Database\MySQLi\Connection.php(201): mysqli->real_connect('localhost', 'root', Object(SensitiveParameterValue), 'db_elibrary', 3306, '', 0)
#1 C:\xampp\htdocs\UAS WEB\backend-api\system\Database\BaseConnection.php(555): CodeIgniter\Database\MySQLi\Connection->connect(false)
#2 C:\xampp\htdocs\UAS WEB\backend-api\system\Database\BaseConnection.php(795): CodeIgniter\Database\BaseConnection->initialize()
#3 C:\xampp\htdocs\UAS WEB\backend-api\system\Database\BaseBuilder.php(1647): CodeIgniter\Database\BaseConnection->query('SELECT `buku`.*...', Array, false)
#4 C:\xampp\htdocs\UAS WEB\backend-api\system\Model.php(255): CodeIgniter\Database\BaseBuilder->get()
#5 C:\xampp\htdocs\UAS WEB\backend-api\system\BaseModel.php(676): CodeIgniter\Model->doFindAll(0, 0)
#6 C:\xampp\htdocs\UAS WEB\backend-api\app\Controllers\BukuController.php(22): CodeIgniter\BaseModel->findAll()
#7 C:\xampp\htdocs\UAS WEB\backend-api\system\CodeIgniter.php(974): App\Controllers\BukuController->index()
#8 C:\xampp\htdocs\UAS WEB\backend-api\system\CodeIgniter.php(520): CodeIgniter\CodeIgniter->runController(Object(App\Controllers\BukuController))
#9 C:\xampp\htdocs\UAS WEB\backend-api\system\CodeIgniter.php(363): CodeIgniter\CodeIgniter->handleRequest(NULL, Object(Config\Cache), false)
#10 C:\xampp\htdocs\UAS WEB\backend-api\system\Boot.php(417): CodeIgniter\CodeIgniter->run()
#11 C:\xampp\htdocs\UAS WEB\backend-api\system\Boot.php(68): CodeIgniter\Boot::runCodeIgniter(Object(CodeIgniter\CodeIgniter))
#12 C:\xampp\htdocs\UAS WEB\backend-api\public\index.php(71): CodeIgniter\Boot::bootWeb(Object(Config\Paths))
#13 C:\xampp\htdocs\UAS WEB\backend-api\system\rewrite.php(44): require_once('C:\\xampp\\htdocs...')
#14 {main}

Next CodeIgniter\Database\Exceptions\DatabaseException: No connection could be made because the target machine actively refused it in C:\xampp\htdocs\UAS WEB\backend-api\system\Database\MySQLi\Connection.php:231
Stack trace:
#0 C:\xampp\htdocs\UAS WEB\backend-api\system\Database\BaseConnection.php(555): CodeIgniter\Database\MySQLi\Connection->connect(false)
#1 C:\xampp\htdocs\UAS WEB\backend-api\system\Database\BaseConnection.php(795): CodeIgniter\Database\BaseConnection->initialize()
#2 C:\xampp\htdocs\UAS WEB\backend-api\system\Database\BaseBuilder.php(1647): CodeIgniter\Database\BaseConnection->query('SELECT `buku`.*...', Array, false)
#3 C:\xampp\htdocs\UAS WEB\backend-api\system\Model.php(255): CodeIgniter\Database\BaseBuilder->get()
#4 C:\xampp\htdocs\UAS WEB\backend-api\system\BaseModel.php(676): CodeIgniter\Model->doFindAll(0, 0)
#5 C:\xampp\htdocs\UAS WEB\backend-api\app\Controllers\BukuController.php(22): CodeIgniter\BaseModel->findAll()
#6 C:\xampp\htdocs\UAS WEB\backend-api\system\CodeIgniter.php(974): App\Controllers\BukuController->index()
#7 C:\xampp\htdocs\UAS WEB\backend-api\system\CodeIgniter.php(520): CodeIgniter\CodeIgniter->runController(Object(App\Controllers\BukuController))
#8 C:\xampp\htdocs\UAS WEB\backend-api\system\CodeIgniter.php(363): CodeIgniter\CodeIgniter->handleRequest(NULL, Object(Config\Cache), false)
#9 C:\xampp\htdocs\UAS WEB\backend-api\system\Boot.php(417): CodeIgniter\CodeIgniter->run()
#10 C:\xampp\htdocs\UAS WEB\backend-api\system\Boot.php(68): CodeIgniter\Boot::runCodeIgniter(Object(CodeIgniter\CodeIgniter))
#11 C:\xampp\htdocs\UAS WEB\backend-api\public\index.php(71): CodeIgniter\Boot::bootWeb(Object(Config\Paths))
#12 C:\xampp\htdocs\UAS WEB\backend-api\system\rewrite.php(44): require_once('C:\\xampp\\htdocs...')
#13 {main}
CRITICAL - 2026-06-19 16:06:42 --> CodeIgniter\Database\Exceptions\DatabaseException: Unable to connect to the database.
Main connection [MySQLi]: No connection could be made because the target machine actively refused it
[Method: GET, Route: api/buku]
in SYSTEMPATH\Database\BaseConnection.php on line 606.
 1 SYSTEMPATH\Database\BaseConnection.php(795): CodeIgniter\Database\BaseConnection->initialize()
 2 SYSTEMPATH\Database\BaseBuilder.php(1647): CodeIgniter\Database\BaseConnection->query('SELECT `buku`.*, `kategori`.`nama_kategori`
FROM `buku`
LEFT JOIN `kategori` ON `kategori`.`id` = `buku`.`kategori_id`', [], false)
 3 SYSTEMPATH\Model.php(255): CodeIgniter\Database\BaseBuilder->get()
 4 SYSTEMPATH\BaseModel.php(676): CodeIgniter\Model->doFindAll(0, 0)
 5 APPPATH\Controllers\BukuController.php(22): CodeIgniter\BaseModel->findAll()
 6 SYSTEMPATH\CodeIgniter.php(974): App\Controllers\BukuController->index()
 7 SYSTEMPATH\CodeIgniter.php(520): CodeIgniter\CodeIgniter->runController(Object(App\Controllers\BukuController))
 8 SYSTEMPATH\CodeIgniter.php(363): CodeIgniter\CodeIgniter->handleRequest(null, Object(Config\Cache), false)
 9 SYSTEMPATH\Boot.php(417): CodeIgniter\CodeIgniter->run()
10 SYSTEMPATH\Boot.php(68): CodeIgniter\Boot::runCodeIgniter(Object(CodeIgniter\CodeIgniter))
11 FCPATH\index.php(71): CodeIgniter\Boot::bootWeb(Object(Config\Paths))
12 SYSTEMPATH\rewrite.php(44): require_once('C:\\xampp\\htdocs\\UAS WEB\\backend-api\\public\\index.php')
ERROR - 2026-06-19 16:06:46 --> Error connecting to the database: mysqli_sql_exception: No connection could be made because the target machine actively refused it in C:\xampp\htdocs\UAS WEB\backend-api\system\Database\MySQLi\Connection.php:201
Stack trace:
#0 C:\xampp\htdocs\UAS WEB\backend-api\system\Database\MySQLi\Connection.php(201): mysqli->real_connect('localhost', 'root', Object(SensitiveParameterValue), 'db_elibrary', 3306, '', 0)
#1 C:\xampp\htdocs\UAS WEB\backend-api\system\Database\BaseConnection.php(555): CodeIgniter\Database\MySQLi\Connection->connect(false)
#2 C:\xampp\htdocs\UAS WEB\backend-api\system\Database\BaseConnection.php(795): CodeIgniter\Database\BaseConnection->initialize()
#3 C:\xampp\htdocs\UAS WEB\backend-api\system\Database\BaseBuilder.php(1647): CodeIgniter\Database\BaseConnection->query('SELECT `buku`.*...', Array, false)
#4 C:\xampp\htdocs\UAS WEB\backend-api\system\Model.php(255): CodeIgniter\Database\BaseBuilder->get()
#5 C:\xampp\htdocs\UAS WEB\backend-api\system\BaseModel.php(676): CodeIgniter\Model->doFindAll(0, 0)
#6 C:\xampp\htdocs\UAS WEB\backend-api\app\Controllers\BukuController.php(22): CodeIgniter\BaseModel->findAll()
#7 C:\xampp\htdocs\UAS WEB\backend-api\system\CodeIgniter.php(974): App\Controllers\BukuController->index()
#8 C:\xampp\htdocs\UAS WEB\backend-api\system\CodeIgniter.php(520): CodeIgniter\CodeIgniter->runController(Object(App\Controllers\BukuController))
#9 C:\xampp\htdocs\UAS WEB\backend-api\system\CodeIgniter.php(363): CodeIgniter\CodeIgniter->handleRequest(NULL, Object(Config\Cache), false)
#10 C:\xampp\htdocs\UAS WEB\backend-api\system\Boot.php(417): CodeIgniter\CodeIgniter->run()
#11 C:\xampp\htdocs\UAS WEB\backend-api\system\Boot.php(68): CodeIgniter\Boot::runCodeIgniter(Object(CodeIgniter\CodeIgniter))
#12 C:\xampp\htdocs\UAS WEB\backend-api\public\index.php(71): CodeIgniter\Boot::bootWeb(Object(Config\Paths))
#13 C:\xampp\htdocs\UAS WEB\backend-api\system\rewrite.php(44): require_once('C:\\xampp\\htdocs...')
#14 {main}

Next CodeIgniter\Database\Exceptions\DatabaseException: No connection could be made because the target machine actively refused it in C:\xampp\htdocs\UAS WEB\backend-api\system\Database\MySQLi\Connection.php:231
Stack trace:
#0 C:\xampp\htdocs\UAS WEB\backend-api\system\Database\BaseConnection.php(555): CodeIgniter\Database\MySQLi\Connection->connect(false)
#1 C:\xampp\htdocs\UAS WEB\backend-api\system\Database\BaseConnection.php(795): CodeIgniter\Database\BaseConnection->initialize()
#2 C:\xampp\htdocs\UAS WEB\backend-api\system\Database\BaseBuilder.php(1647): CodeIgniter\Database\BaseConnection->query('SELECT `buku`.*...', Array, false)
#3 C:\xampp\htdocs\UAS WEB\backend-api\system\Model.php(255): CodeIgniter\Database\BaseBuilder->get()
#4 C:\xampp\htdocs\UAS WEB\backend-api\system\BaseModel.php(676): CodeIgniter\Model->doFindAll(0, 0)
#5 C:\xampp\htdocs\UAS WEB\backend-api\app\Controllers\BukuController.php(22): CodeIgniter\BaseModel->findAll()
#6 C:\xampp\htdocs\UAS WEB\backend-api\system\CodeIgniter.php(974): App\Controllers\BukuController->index()
#7 C:\xampp\htdocs\UAS WEB\backend-api\system\CodeIgniter.php(520): CodeIgniter\CodeIgniter->runController(Object(App\Controllers\BukuController))
#8 C:\xampp\htdocs\UAS WEB\backend-api\system\CodeIgniter.php(363): CodeIgniter\CodeIgniter->handleRequest(NULL, Object(Config\Cache), false)
#9 C:\xampp\htdocs\UAS WEB\backend-api\system\Boot.php(417): CodeIgniter\CodeIgniter->run()
#10 C:\xampp\htdocs\UAS WEB\backend-api\system\Boot.php(68): CodeIgniter\Boot::runCodeIgniter(Object(CodeIgniter\CodeIgniter))
#11 C:\xampp\htdocs\UAS WEB\backend-api\public\index.php(71): CodeIgniter\Boot::bootWeb(Object(Config\Paths))
#12 C:\xampp\htdocs\UAS WEB\backend-api\system\rewrite.php(44): require_once('C:\\xampp\\htdocs...')
#13 {main}
CRITICAL - 2026-06-19 16:06:46 --> CodeIgniter\Database\Exceptions\DatabaseException: Unable to connect to the database.
Main connection [MySQLi]: No connection could be made because the target machine actively refused it
[Method: GET, Route: api/buku]
in SYSTEMPATH\Database\BaseConnection.php on line 606.
 1 SYSTEMPATH\Database\BaseConnection.php(795): CodeIgniter\Database\BaseConnection->initialize()
 2 SYSTEMPATH\Database\BaseBuilder.php(1647): CodeIgniter\Database\BaseConnection->query('SELECT `buku`.*, `kategori`.`nama_kategori`
FROM `buku`
LEFT JOIN `kategori` ON `kategori`.`id` = `buku`.`kategori_id`', [], false)
 3 SYSTEMPATH\Model.php(255): CodeIgniter\Database\BaseBuilder->get()
 4 SYSTEMPATH\BaseModel.php(676): CodeIgniter\Model->doFindAll(0, 0)
 5 APPPATH\Controllers\BukuController.php(22): CodeIgniter\BaseModel->findAll()
 6 SYSTEMPATH\CodeIgniter.php(974): App\Controllers\BukuController->index()
 7 SYSTEMPATH\CodeIgniter.php(520): CodeIgniter\CodeIgniter->runController(Object(App\Controllers\BukuController))
 8 SYSTEMPATH\CodeIgniter.php(363): CodeIgniter\CodeIgniter->handleRequest(null, Object(Config\Cache), false)
 9 SYSTEMPATH\Boot.php(417): CodeIgniter\CodeIgniter->run()
10 SYSTEMPATH\Boot.php(68): CodeIgniter\Boot::runCodeIgniter(Object(CodeIgniter\CodeIgniter))
11 FCPATH\index.php(71): CodeIgniter\Boot::bootWeb(Object(Config\Paths))
12 SYSTEMPATH\rewrite.php(44): require_once('C:\\xampp\\htdocs\\UAS WEB\\backend-api\\public\\index.php')
ERROR - 2026-06-19 16:06:50 --> Error connecting to the database: mysqli_sql_exception: No connection could be made because the target machine actively refused it in C:\xampp\htdocs\UAS WEB\backend-api\system\Database\MySQLi\Connection.php:201
Stack trace:
#0 C:\xampp\htdocs\UAS WEB\backend-api\system\Database\MySQLi\Connection.php(201): mysqli->real_connect('localhost', 'root', Object(SensitiveParameterValue), 'db_elibrary', 3306, '', 0)
#1 C:\xampp\htdocs\UAS WEB\backend-api\system\Database\BaseConnection.php(555): CodeIgniter\Database\MySQLi\Connection->connect(false)
#2 C:\xampp\htdocs\UAS WEB\backend-api\system\Database\BaseConnection.php(795): CodeIgniter\Database\BaseConnection->initialize()
#3 C:\xampp\htdocs\UAS WEB\backend-api\system\Database\BaseBuilder.php(1647): CodeIgniter\Database\BaseConnection->query('SELECT `peminja...', Array, false)
#4 C:\xampp\htdocs\UAS WEB\backend-api\app\Controllers\BukuController.php(136): CodeIgniter\Database\BaseBuilder->get()
#5 C:\xampp\htdocs\UAS WEB\backend-api\system\CodeIgniter.php(974): App\Controllers\BukuController->getPeminjaman()
#6 C:\xampp\htdocs\UAS WEB\backend-api\system\CodeIgniter.php(520): CodeIgniter\CodeIgniter->runController(Object(App\Controllers\BukuController))
#7 C:\xampp\htdocs\UAS WEB\backend-api\system\CodeIgniter.php(363): CodeIgniter\CodeIgniter->handleRequest(NULL, Object(Config\Cache), false)
#8 C:\xampp\htdocs\UAS WEB\backend-api\system\Boot.php(417): CodeIgniter\CodeIgniter->run()
#9 C:\xampp\htdocs\UAS WEB\backend-api\system\Boot.php(68): CodeIgniter\Boot::runCodeIgniter(Object(CodeIgniter\CodeIgniter))
#10 C:\xampp\htdocs\UAS WEB\backend-api\public\index.php(71): CodeIgniter\Boot::bootWeb(Object(Config\Paths))
#11 C:\xampp\htdocs\UAS WEB\backend-api\system\rewrite.php(44): require_once('C:\\xampp\\htdocs...')
#12 {main}

Next CodeIgniter\Database\Exceptions\DatabaseException: No connection could be made because the target machine actively refused it in C:\xampp\htdocs\UAS WEB\backend-api\system\Database\MySQLi\Connection.php:231
Stack trace:
#0 C:\xampp\htdocs\UAS WEB\backend-api\system\Database\BaseConnection.php(555): CodeIgniter\Database\MySQLi\Connection->connect(false)
#1 C:\xampp\htdocs\UAS WEB\backend-api\system\Database\BaseConnection.php(795): CodeIgniter\Database\BaseConnection->initialize()
#2 C:\xampp\htdocs\UAS WEB\backend-api\system\Database\BaseBuilder.php(1647): CodeIgniter\Database\BaseConnection->query('SELECT `peminja...', Array, false)
#3 C:\xampp\htdocs\UAS WEB\backend-api\app\Controllers\BukuController.php(136): CodeIgniter\Database\BaseBuilder->get()
#4 C:\xampp\htdocs\UAS WEB\backend-api\system\CodeIgniter.php(974): App\Controllers\BukuController->getPeminjaman()
#5 C:\xampp\htdocs\UAS WEB\backend-api\system\CodeIgniter.php(520): CodeIgniter\CodeIgniter->runController(Object(App\Controllers\BukuController))
#6 C:\xampp\htdocs\UAS WEB\backend-api\system\CodeIgniter.php(363): CodeIgniter\CodeIgniter->handleRequest(NULL, Object(Config\Cache), false)
#7 C:\xampp\htdocs\UAS WEB\backend-api\system\Boot.php(417): CodeIgniter\CodeIgniter->run()
#8 C:\xampp\htdocs\UAS WEB\backend-api\system\Boot.php(68): CodeIgniter\Boot::runCodeIgniter(Object(CodeIgniter\CodeIgniter))
#9 C:\xampp\htdocs\UAS WEB\backend-api\public\index.php(71): CodeIgniter\Boot::bootWeb(Object(Config\Paths))
#10 C:\xampp\htdocs\UAS WEB\backend-api\system\rewrite.php(44): require_once('C:\\xampp\\htdocs...')
#11 {main}
CRITICAL - 2026-06-19 16:06:50 --> CodeIgniter\Database\Exceptions\DatabaseException: Unable to connect to the database.
Main connection [MySQLi]: No connection could be made because the target machine actively refused it
[Method: GET, Route: api/peminjaman]
in SYSTEMPATH\Database\BaseConnection.php on line 606.
 1 SYSTEMPATH\Database\BaseConnection.php(795): CodeIgniter\Database\BaseConnection->initialize()
 2 SYSTEMPATH\Database\BaseBuilder.php(1647): CodeIgniter\Database\BaseConnection->query('SELECT `peminjaman`.*, `buku`.`judul`
FROM `peminjaman`
LEFT JOIN `buku` ON `buku`.`id` = `peminjaman`.`buku_id`
ORDER BY `tanggal_pinjam` DESC', [], false)
 3 APPPATH\Controllers\BukuController.php(136): CodeIgniter\Database\BaseBuilder->get()
 4 SYSTEMPATH\CodeIgniter.php(974): App\Controllers\BukuController->getPeminjaman()
 5 SYSTEMPATH\CodeIgniter.php(520): CodeIgniter\CodeIgniter->runController(Object(App\Controllers\BukuController))
 6 SYSTEMPATH\CodeIgniter.php(363): CodeIgniter\CodeIgniter->handleRequest(null, Object(Config\Cache), false)
 7 SYSTEMPATH\Boot.php(417): CodeIgniter\CodeIgniter->run()
 8 SYSTEMPATH\Boot.php(68): CodeIgniter\Boot::runCodeIgniter(Object(CodeIgniter\CodeIgniter))
 9 FCPATH\index.php(71): CodeIgniter\Boot::bootWeb(Object(Config\Paths))
10 SYSTEMPATH\rewrite.php(44): require_once('C:\\xampp\\htdocs\\UAS WEB\\backend-api\\public\\index.php')
